<?xml version="1.0" encoding="UTF-8"?>
<testsuites>
  <testsuite name="" tests="60" assertions="142" errors="0" warnings="0" failures="0" skipped="0" time="0.167743">
    <testsuite name="Project Test Suite" tests="60" assertions="142" errors="0" warnings="0" failures="0" skipped="0" time="0.167743">
      <testsuite name="App\AdventureGame\AdventureGameTest" file="/home/ekarlsson/dbwebb-kurser/mvc/me/report/tests/AdventureGame/AdventureGameTest.php" tests="8" assertions="12" errors="0" warnings="0" failures="0" skipped="0" time="0.014090">
        <testcase name="testCreateAdventureGame" class="App\AdventureGame\AdventureGameTest" classname="App.AdventureGame.AdventureGameTest" file="/home/ekarlsson/dbwebb-kurser/mvc/me/report/tests/AdventureGame/AdventureGameTest.php" line="30" assertions="1" time="0.006582"/>
        <testcase name="testKillEnemyWithWeaponSuccess" class="App\AdventureGame\AdventureGameTest" classname="App.AdventureGame.AdventureGameTest" file="/home/ekarlsson/dbwebb-kurser/mvc/me/report/tests/AdventureGame/AdventureGameTest.php" line="35" assertions="1" time="0.000819"/>
        <testcase name="testKillEnemyWithWeaponFail" class="App\AdventureGame\AdventureGameTest" classname="App.AdventureGame.AdventureGameTest" file="/home/ekarlsson/dbwebb-kurser/mvc/me/report/tests/AdventureGame/AdventureGameTest.php" line="40" assertions="1" time="0.000731"/>
        <testcase name="testKillEnemyNoWeaponSuccess" class="App\AdventureGame\AdventureGameTest" classname="App.AdventureGame.AdventureGameTest" file="/home/ekarlsson/dbwebb-kurser/mvc/me/report/tests/AdventureGame/AdventureGameTest.php" line="44" assertions="1" time="0.000466"/>
        <testcase name="testKillEnemyNoWeaponFail" class="App\AdventureGame\AdventureGameTest" classname="App.AdventureGame.AdventureGameTest" file="/home/ekarlsson/dbwebb-kurser/mvc/me/report/tests/AdventureGame/AdventureGameTest.php" line="48" assertions="1" time="0.000336"/>
        <testcase name="testRollInjectedDie" class="App\AdventureGame\AdventureGameTest" classname="App.AdventureGame.AdventureGameTest" file="/home/ekarlsson/dbwebb-kurser/mvc/me/report/tests/AdventureGame/AdventureGameTest.php" line="52" assertions="5" time="0.004449"/>
        <testcase name="testRollInjectedGraphicDie" class="App\AdventureGame\AdventureGameTest" classname="App.AdventureGame.AdventureGameTest" file="/home/ekarlsson/dbwebb-kurser/mvc/me/report/tests/AdventureGame/AdventureGameTest.php" line="59" assertions="1" time="0.000403"/>
        <testcase name="testSetRoom" class="App\AdventureGame\AdventureGameTest" classname="App.AdventureGame.AdventureGameTest" file="/home/ekarlsson/dbwebb-kurser/mvc/me/report/tests/AdventureGame/AdventureGameTest.php" line="65" assertions="1" time="0.000304"/>
      </testsuite>
      <testsuite name="App\Card\CardBankTest" file="/home/ekarlsson/dbwebb-kurser/mvc/me/report/tests/Card/CardBankTest.php" tests="1" assertions="1" errors="0" warnings="0" failures="0" skipped="0" time="0.005705">
        <testcase name="testInitiateCardBank" class="App\Card\CardBankTest" classname="App.Card.CardBankTest" file="/home/ekarlsson/dbwebb-kurser/mvc/me/report/tests/Card/CardBankTest.php" line="14" assertions="1" time="0.005705"/>
      </testsuite>
      <testsuite name="App\Card\CardGraphicTest" file="/home/ekarlsson/dbwebb-kurser/mvc/me/report/tests/Card/CardGraphicTest.php" tests="2" assertions="2" errors="0" warnings="0" failures="0" skipped="0" time="0.000602">
        <testcase name="testCreateObject" class="App\Card\CardGraphicTest" classname="App.Card.CardGraphicTest" file="/home/ekarlsson/dbwebb-kurser/mvc/me/report/tests/Card/CardGraphicTest.php" line="15" assertions="1" time="0.000319"/>
        <testcase name="testGetGraphicsRepresentationForDecks" class="App\Card\CardGraphicTest" classname="App.Card.CardGraphicTest" file="/home/ekarlsson/dbwebb-kurser/mvc/me/report/tests/Card/CardGraphicTest.php" line="21" assertions="1" time="0.000283"/>
      </testsuite>
      <testsuite name="App\Card\CardHandTest" file="/home/ekarlsson/dbwebb-kurser/mvc/me/report/tests/Card/CardHandTest.php" tests="14" assertions="45" errors="0" warnings="0" failures="0" skipped="0" time="0.013472">
        <testcase name="testInitiateCardHand" class="App\Card\CardHandTest" classname="App.Card.CardHandTest" file="/home/ekarlsson/dbwebb-kurser/mvc/me/report/tests/Card/CardHandTest.php" line="18" assertions="1" time="0.000270"/>
        <testcase name="testIfDeckOfCardsInitiates" class="App\Card\CardHandTest" classname="App.Card.CardHandTest" file="/home/ekarlsson/dbwebb-kurser/mvc/me/report/tests/Card/CardHandTest.php" line="27" assertions="1" time="0.000270"/>
        <testcase name="testUpdateDeckInHandNewValuesSameObject" class="App\Card\CardHandTest" classname="App.Card.CardHandTest" file="/home/ekarlsson/dbwebb-kurser/mvc/me/report/tests/Card/CardHandTest.php" line="55" assertions="2" time="0.002243"/>
        <testcase name="testShuffleDeckInHand" class="App\Card\CardHandTest" classname="App.Card.CardHandTest" file="/home/ekarlsson/dbwebb-kurser/mvc/me/report/tests/Card/CardHandTest.php" line="71" assertions="2" time="0.002588"/>
        <testcase name="testGetDeckInHandAsArray" class="App\Card\CardHandTest" classname="App.Card.CardHandTest" file="/home/ekarlsson/dbwebb-kurser/mvc/me/report/tests/Card/CardHandTest.php" line="86" assertions="1" time="0.000410"/>
        <testcase name="testGetDeckInHandAsArrayWithGraphic" class="App\Card\CardHandTest" classname="App.Card.CardHandTest" file="/home/ekarlsson/dbwebb-kurser/mvc/me/report/tests/Card/CardHandTest.php" line="96" assertions="5" time="0.000443"/>
        <testcase name="testGetDeckInHandAsArrayWithGraphicInOrder" class="App\Card\CardHandTest" classname="App.Card.CardHandTest" file="/home/ekarlsson/dbwebb-kurser/mvc/me/report/tests/Card/CardHandTest.php" line="127" assertions="4" time="0.001208"/>
        <testcase name="testDrawCardsFromDeck" class="App\Card\CardHandTest" classname="App.Card.CardHandTest" file="/home/ekarlsson/dbwebb-kurser/mvc/me/report/tests/Card/CardHandTest.php" line="144" assertions="4" time="0.001466"/>
        <testcase name="testGettingAllDrawnCards" class="App\Card\CardHandTest" classname="App.Card.CardHandTest" file="/home/ekarlsson/dbwebb-kurser/mvc/me/report/tests/Card/CardHandTest.php" line="167" assertions="5" time="0.001050"/>
        <testcase name="testPrintingAllDrawnCards" class="App\Card\CardHandTest" classname="App.Card.CardHandTest" file="/home/ekarlsson/dbwebb-kurser/mvc/me/report/tests/Card/CardHandTest.php" line="192" assertions="6" time="0.000975"/>
        <testcase name="testGetDeckAsStringRep" class="App\Card\CardHandTest" classname="App.Card.CardHandTest" file="/home/ekarlsson/dbwebb-kurser/mvc/me/report/tests/Card/CardHandTest.php" line="214" assertions="2" time="0.000755"/>
        <testcase name="testGetSumOfAllCardsInCurrentDeckState" class="App\Card\CardHandTest" classname="App.Card.CardHandTest" file="/home/ekarlsson/dbwebb-kurser/mvc/me/report/tests/Card/CardHandTest.php" line="227" assertions="4" time="0.000555"/>
        <testcase name="testGetSumOfAllDrawnCards" class="App\Card\CardHandTest" classname="App.Card.CardHandTest" file="/home/ekarlsson/dbwebb-kurser/mvc/me/report/tests/Card/CardHandTest.php" line="246" assertions="4" time="0.000596"/>
        <testcase name="testCardHandOver21OrNot" class="App\Card\CardHandTest" classname="App.Card.CardHandTest" file="/home/ekarlsson/dbwebb-kurser/mvc/me/report/tests/Card/CardHandTest.php" line="266" assertions="4" time="0.000643"/>
      </testsuite>
      <testsuite name="App\Card\DeckOfCardsTest" file="/home/ekarlsson/dbwebb-kurser/mvc/me/report/tests/Card/DeckOfCardsTest.php" tests="10" assertions="20" errors="0" warnings="0" failures="0" skipped="0" time="0.006141">
        <testcase name="testInitiateDeckOfCardsWithAndNoArg" class="App\Card\DeckOfCardsTest" classname="App.Card.DeckOfCardsTest" file="/home/ekarlsson/dbwebb-kurser/mvc/me/report/tests/Card/DeckOfCardsTest.php" line="13" assertions="2" time="0.000298"/>
        <testcase name="testGetDeckReturnArray" class="App\Card\DeckOfCardsTest" classname="App.Card.DeckOfCardsTest" file="/home/ekarlsson/dbwebb-kurser/mvc/me/report/tests/Card/DeckOfCardsTest.php" line="25" assertions="1" time="0.000359"/>
        <testcase name="testReplaceDeckWithNewModifiedDeck" class="App\Card\DeckOfCardsTest" classname="App.Card.DeckOfCardsTest" file="/home/ekarlsson/dbwebb-kurser/mvc/me/report/tests/Card/DeckOfCardsTest.php" line="36" assertions="2" time="0.002013"/>
        <testcase name="testReturnDeckWithGraphicSymbols" class="App\Card\DeckOfCardsTest" classname="App.Card.DeckOfCardsTest" file="/home/ekarlsson/dbwebb-kurser/mvc/me/report/tests/Card/DeckOfCardsTest.php" line="52" assertions="3" time="0.000408"/>
        <testcase name="testReturnDeckWithGraphicSymbolsInOrder" class="App\Card\DeckOfCardsTest" classname="App.Card.DeckOfCardsTest" file="/home/ekarlsson/dbwebb-kurser/mvc/me/report/tests/Card/DeckOfCardsTest.php" line="70" assertions="1" time="0.000420"/>
        <testcase name="testCurrentDeckIsBeingCounted" class="App\Card\DeckOfCardsTest" classname="App.Card.DeckOfCardsTest" file="/home/ekarlsson/dbwebb-kurser/mvc/me/report/tests/Card/DeckOfCardsTest.php" line="85" assertions="3" time="0.000832"/>
        <testcase name="testRemovingCardsFromDeck" class="App\Card\DeckOfCardsTest" classname="App.Card.DeckOfCardsTest" file="/home/ekarlsson/dbwebb-kurser/mvc/me/report/tests/Card/DeckOfCardsTest.php" line="106" assertions="4" time="0.000559"/>
        <testcase name="testDeckReturnMoreRandCardsThanInDeck" class="App\Card\DeckOfCardsTest" classname="App.Card.DeckOfCardsTest" file="/home/ekarlsson/dbwebb-kurser/mvc/me/report/tests/Card/DeckOfCardsTest.php" line="130" assertions="1" time="0.000461"/>
        <testcase name="testReturnRandCardsFromEmptyDeck" class="App\Card\DeckOfCardsTest" classname="App.Card.DeckOfCardsTest" file="/home/ekarlsson/dbwebb-kurser/mvc/me/report/tests/Card/DeckOfCardsTest.php" line="140" assertions="1" time="0.000401"/>
        <testcase name="testReturnRandomCardsArray" class="App\Card\DeckOfCardsTest" classname="App.Card.DeckOfCardsTest" file="/home/ekarlsson/dbwebb-kurser/mvc/me/report/tests/Card/DeckOfCardsTest.php" line="151" assertions="2" time="0.000390"/>
      </testsuite>
      <testsuite name="App\Dice\DiceHandTest" file="/home/ekarlsson/dbwebb-kurser/mvc/me/report/tests/Dice/DiceHandTest.php" tests="5" assertions="11" errors="0" warnings="0" failures="0" skipped="0" time="0.003374">
        <testcase name="testDiceHandInstance" class="App\Dice\DiceHandTest" classname="App.Dice.DiceHandTest" file="/home/ekarlsson/dbwebb-kurser/mvc/me/report/tests/Dice/DiceHandTest.php" line="17" assertions="1" time="0.000771"/>
        <testcase name="testDiceHandAddDice" class="App\Dice\DiceHandTest" classname="App.Dice.DiceHandTest" file="/home/ekarlsson/dbwebb-kurser/mvc/me/report/tests/Dice/DiceHandTest.php" line="23" assertions="0" time="0.000355"/>
        <testcase name="testDiceHandRollDice" class="App\Dice\DiceHandTest" classname="App.Dice.DiceHandTest" file="/home/ekarlsson/dbwebb-kurser/mvc/me/report/tests/Dice/DiceHandTest.php" line="30" assertions="5" time="0.000613"/>
        <testcase name="testDiceHandGetNumberDices" class="App\Dice\DiceHandTest" classname="App.Dice.DiceHandTest" file="/home/ekarlsson/dbwebb-kurser/mvc/me/report/tests/Dice/DiceHandTest.php" line="40" assertions="4" time="0.000910"/>
        <testcase name="testDiceHandGetAsStringOk" class="App\Dice\DiceHandTest" classname="App.Dice.DiceHandTest" file="/home/ekarlsson/dbwebb-kurser/mvc/me/report/tests/Dice/DiceHandTest.php" line="49" assertions="1" time="0.000725"/>
      </testsuite>
      <testsuite name="App\Dice\DiceTest" file="/home/ekarlsson/dbwebb-kurser/mvc/me/report/tests/Dice/DiceTest.php" tests="2" assertions="6" errors="0" warnings="0" failures="0" skipped="0" time="0.000911">
        <testcase name="testCreateDice" class="App\Dice\DiceTest" classname="App.Dice.DiceTest" file="/home/ekarlsson/dbwebb-kurser/mvc/me/report/tests/Dice/DiceTest.php" line="16" assertions="2" time="0.000401"/>
        <testcase name="testRollDice" class="App\Dice\DiceTest" classname="App.Dice.DiceTest" file="/home/ekarlsson/dbwebb-kurser/mvc/me/report/tests/Dice/DiceTest.php" line="25" assertions="4" time="0.000510"/>
      </testsuite>
      <testsuite name="App\Form\LibraryTypeTest" file="/home/ekarlsson/dbwebb-kurser/mvc/me/report/tests/Form/LibraryTypeTest.php" tests="2" assertions="4" errors="0" warnings="0" failures="0" skipped="0" time="0.076518">
        <testcase name="testBuildForm" class="App\Form\LibraryTypeTest" classname="App.Form.LibraryTypeTest" file="/home/ekarlsson/dbwebb-kurser/mvc/me/report/tests/Form/LibraryTypeTest.php" line="18" assertions="2" time="0.074464"/>
        <testcase name="testBuildFormOnlyIsbn" class="App\Form\LibraryTypeTest" classname="App.Form.LibraryTypeTest" file="/home/ekarlsson/dbwebb-kurser/mvc/me/report/tests/Form/LibraryTypeTest.php" line="40" assertions="2" time="0.002054"/>
      </testsuite>
      <testsuite name="App\Game\GameTest" file="/home/ekarlsson/dbwebb-kurser/mvc/me/report/tests/Game/GameTest.php" tests="8" assertions="30" errors="0" warnings="0" failures="0" skipped="0" time="0.017010">
        <testcase name="testCreateGameObject" class="App\Game\GameTest" classname="App.Game.GameTest" file="/home/ekarlsson/dbwebb-kurser/mvc/me/report/tests/Game/GameTest.php" line="32" assertions="2" time="0.009237"/>
        <testcase name="testGetPlayerAndBankHands" class="App\Game\GameTest" classname="App.Game.GameTest" file="/home/ekarlsson/dbwebb-kurser/mvc/me/report/tests/Game/GameTest.php" line="41" assertions="3" time="0.000865"/>
        <testcase name="testGamePlayCycleIsItsBanksTurn" class="App\Game\GameTest" classname="App.Game.GameTest" file="/home/ekarlsson/dbwebb-kurser/mvc/me/report/tests/Game/GameTest.php" line="53" assertions="4" time="0.000814"/>
        <testcase name="testGetArrayOfAllDrawnCards" class="App\Game\GameTest" classname="App.Game.GameTest" file="/home/ekarlsson/dbwebb-kurser/mvc/me/report/tests/Game/GameTest.php" line="73" assertions="6" time="0.001146"/>
        <testcase name="testGetCertainPlayerName" class="App\Game\GameTest" classname="App.Game.GameTest" file="/home/ekarlsson/dbwebb-kurser/mvc/me/report/tests/Game/GameTest.php" line="98" assertions="6" time="0.000926"/>
        <testcase name="testGettingAllDrawnCardsInGame" class="App\Game\GameTest" classname="App.Game.GameTest" file="/home/ekarlsson/dbwebb-kurser/mvc/me/report/tests/Game/GameTest.php" line="132" assertions="7" time="0.001139"/>
        <testcase name="testGetPlayerWinner" class="App\Game\GameTest" classname="App.Game.GameTest" file="/home/ekarlsson/dbwebb-kurser/mvc/me/report/tests/Game/GameTest.php" line="160" assertions="1" time="0.000912"/>
        <testcase name="testBankWinner" class="App\Game\GameTest" classname="App.Game.GameTest" file="/home/ekarlsson/dbwebb-kurser/mvc/me/report/tests/Game/GameTest.php" line="169" assertions="1" time="0.001972"/>
      </testsuite>
      <testsuite name="App\Library\LibraryUtilTest" file="/home/ekarlsson/dbwebb-kurser/mvc/me/report/tests/Library/LibraryUtilTest.php" tests="2" assertions="3" errors="0" warnings="0" failures="0" skipped="0" time="0.002406">
        <testcase name="testLibraryUtil" class="App\Library\LibraryUtilTest" classname="App.Library.LibraryUtilTest" file="/home/ekarlsson/dbwebb-kurser/mvc/me/report/tests/Library/LibraryUtilTest.php" line="13" assertions="1" time="0.000905"/>
        <testcase name="testBookExistRaiseException" class="App\Library\LibraryUtilTest" classname="App.Library.LibraryUtilTest" file="/home/ekarlsson/dbwebb-kurser/mvc/me/report/tests/Library/LibraryUtilTest.php" line="19" assertions="2" time="0.001501"/>
      </testsuite>
      <testsuite name="App\Service\SessionServiceTest" file="/home/ekarlsson/dbwebb-kurser/mvc/me/report/tests/Service/SessionServiceTest.php" tests="6" assertions="8" errors="0" warnings="0" failures="0" skipped="0" time="0.027513">
        <testcase name="testSetSessionCurrentRoom" class="App\Service\SessionServiceTest" classname="App.Service.SessionServiceTest" file="/home/ekarlsson/dbwebb-kurser/mvc/me/report/tests/Service/SessionServiceTest.php" line="58" assertions="1" time="0.024942"/>
        <testcase name="testSetNewDescriptionValueCurrentRoom" class="App\Service\SessionServiceTest" classname="App.Service.SessionServiceTest" file="/home/ekarlsson/dbwebb-kurser/mvc/me/report/tests/Service/SessionServiceTest.php" line="63" assertions="1" time="0.000541"/>
        <testcase name="testAddItemToBackpack" class="App\Service\SessionServiceTest" classname="App.Service.SessionServiceTest" file="/home/ekarlsson/dbwebb-kurser/mvc/me/report/tests/Service/SessionServiceTest.php" line="70" assertions="2" time="0.000542"/>
        <testcase name="testGetSessionValueWithKey" class="App\Service\SessionServiceTest" classname="App.Service.SessionServiceTest" file="/home/ekarlsson/dbwebb-kurser/mvc/me/report/tests/Service/SessionServiceTest.php" line="78" assertions="2" time="0.000515"/>
        <testcase name="testGetSessionRooms" class="App\Service\SessionServiceTest" classname="App.Service.SessionServiceTest" file="/home/ekarlsson/dbwebb-kurser/mvc/me/report/tests/Service/SessionServiceTest.php" line="85" assertions="1" time="0.000429"/>
        <testcase name="testKillEnemyUpdatesSession" class="App\Service\SessionServiceTest" classname="App.Service.SessionServiceTest" file="/home/ekarlsson/dbwebb-kurser/mvc/me/report/tests/Service/SessionServiceTest.php" line="89" assertions="1" time="0.000543"/>
      </testsuite>
    </testsuite>
  </testsuite>
</testsuites>
