<?xml version="1.0" encoding="UTF-8"?>
<testsuites>
  <testsuite name="" tests="36" assertions="101" errors="0" warnings="0" failures="0" skipped="0" time="0.065633">
    <testsuite name="Project Test Suite" tests="36" assertions="101" errors="0" warnings="0" failures="0" skipped="0" time="0.065633">
      <testsuite name="App\Card\CardBankTest" file="/home/ekarlsson/dbwebb-kurser/mvc/me/report/tests/Card/CardBankTest.php" tests="1" assertions="1" errors="0" warnings="0" failures="0" skipped="0" time="0.008201">
        <testcase name="testInitiateCardBank" class="App\Card\CardBankTest" classname="App.Card.CardBankTest" file="/home/ekarlsson/dbwebb-kurser/mvc/me/report/tests/Card/CardBankTest.php" line="14" assertions="1" time="0.008201"/>
      </testsuite>
      <testsuite name="App\Card\CardGraphicTest" file="/home/ekarlsson/dbwebb-kurser/mvc/me/report/tests/Card/CardGraphicTest.php" tests="2" assertions="2" errors="0" warnings="0" failures="0" skipped="0" time="0.001187">
        <testcase name="testCreateObject" class="App\Card\CardGraphicTest" classname="App.Card.CardGraphicTest" file="/home/ekarlsson/dbwebb-kurser/mvc/me/report/tests/Card/CardGraphicTest.php" line="15" assertions="1" time="0.000280"/>
        <testcase name="testGetGraphicsRepresentationForDecks" class="App\Card\CardGraphicTest" classname="App.Card.CardGraphicTest" file="/home/ekarlsson/dbwebb-kurser/mvc/me/report/tests/Card/CardGraphicTest.php" line="21" assertions="1" time="0.000907"/>
      </testsuite>
      <testsuite name="App\Card\CardHandTest" file="/home/ekarlsson/dbwebb-kurser/mvc/me/report/tests/Card/CardHandTest.php" tests="14" assertions="45" errors="0" warnings="0" failures="0" skipped="0" time="0.020310">
        <testcase name="testInitiateCardHand" class="App\Card\CardHandTest" classname="App.Card.CardHandTest" file="/home/ekarlsson/dbwebb-kurser/mvc/me/report/tests/Card/CardHandTest.php" line="18" assertions="1" time="0.000273"/>
        <testcase name="testIfDeckOfCardsInitiates" class="App\Card\CardHandTest" classname="App.Card.CardHandTest" file="/home/ekarlsson/dbwebb-kurser/mvc/me/report/tests/Card/CardHandTest.php" line="27" assertions="1" time="0.000281"/>
        <testcase name="testUpdateDeckInHandNewValuesSameObject" class="App\Card\CardHandTest" classname="App.Card.CardHandTest" file="/home/ekarlsson/dbwebb-kurser/mvc/me/report/tests/Card/CardHandTest.php" line="55" assertions="2" time="0.004360"/>
        <testcase name="testShuffleDeckInHand" class="App\Card\CardHandTest" classname="App.Card.CardHandTest" file="/home/ekarlsson/dbwebb-kurser/mvc/me/report/tests/Card/CardHandTest.php" line="71" assertions="2" time="0.003436"/>
        <testcase name="testGetDeckInHandAsArray" class="App\Card\CardHandTest" classname="App.Card.CardHandTest" file="/home/ekarlsson/dbwebb-kurser/mvc/me/report/tests/Card/CardHandTest.php" line="86" assertions="1" time="0.000355"/>
        <testcase name="testGetDeckInHandAsArrayWithGraphic" class="App\Card\CardHandTest" classname="App.Card.CardHandTest" file="/home/ekarlsson/dbwebb-kurser/mvc/me/report/tests/Card/CardHandTest.php" line="96" assertions="5" time="0.000493"/>
        <testcase name="testGetDeckInHandAsArrayWithGraphicInOrder" class="App\Card\CardHandTest" classname="App.Card.CardHandTest" file="/home/ekarlsson/dbwebb-kurser/mvc/me/report/tests/Card/CardHandTest.php" line="127" assertions="4" time="0.000413"/>
        <testcase name="testDrawCardsFromDeck" class="App\Card\CardHandTest" classname="App.Card.CardHandTest" file="/home/ekarlsson/dbwebb-kurser/mvc/me/report/tests/Card/CardHandTest.php" line="144" assertions="4" time="0.002865"/>
        <testcase name="testGettingAllDrawnCards" class="App\Card\CardHandTest" classname="App.Card.CardHandTest" file="/home/ekarlsson/dbwebb-kurser/mvc/me/report/tests/Card/CardHandTest.php" line="167" assertions="5" time="0.001360"/>
        <testcase name="testPrintingAllDrawnCards" class="App\Card\CardHandTest" classname="App.Card.CardHandTest" file="/home/ekarlsson/dbwebb-kurser/mvc/me/report/tests/Card/CardHandTest.php" line="192" assertions="6" time="0.001789"/>
        <testcase name="testGetDeckAsStringRep" class="App\Card\CardHandTest" classname="App.Card.CardHandTest" file="/home/ekarlsson/dbwebb-kurser/mvc/me/report/tests/Card/CardHandTest.php" line="214" assertions="2" time="0.001047"/>
        <testcase name="testGetSumOfAllCardsInCurrentDeckState" class="App\Card\CardHandTest" classname="App.Card.CardHandTest" file="/home/ekarlsson/dbwebb-kurser/mvc/me/report/tests/Card/CardHandTest.php" line="227" assertions="4" time="0.000575"/>
        <testcase name="testGetSumOfAllDrawnCards" class="App\Card\CardHandTest" classname="App.Card.CardHandTest" file="/home/ekarlsson/dbwebb-kurser/mvc/me/report/tests/Card/CardHandTest.php" line="246" assertions="4" time="0.000592"/>
        <testcase name="testCardHandOver21OrNot" class="App\Card\CardHandTest" classname="App.Card.CardHandTest" file="/home/ekarlsson/dbwebb-kurser/mvc/me/report/tests/Card/CardHandTest.php" line="266" assertions="4" time="0.002472"/>
      </testsuite>
      <testsuite name="App\Card\DeckOfCardsTest" file="/home/ekarlsson/dbwebb-kurser/mvc/me/report/tests/Card/DeckOfCardsTest.php" tests="10" assertions="21" errors="0" warnings="0" failures="0" skipped="0" time="0.006255">
        <testcase name="testInitiateDeckOfCardsWithAndNoArg" class="App\Card\DeckOfCardsTest" classname="App.Card.DeckOfCardsTest" file="/home/ekarlsson/dbwebb-kurser/mvc/me/report/tests/Card/DeckOfCardsTest.php" line="13" assertions="2" time="0.000375"/>
        <testcase name="testGetDeckReturnArray" class="App\Card\DeckOfCardsTest" classname="App.Card.DeckOfCardsTest" file="/home/ekarlsson/dbwebb-kurser/mvc/me/report/tests/Card/DeckOfCardsTest.php" line="25" assertions="2" time="0.000587"/>
        <testcase name="testReplaceDeckWithNewModifiedDeck" class="App\Card\DeckOfCardsTest" classname="App.Card.DeckOfCardsTest" file="/home/ekarlsson/dbwebb-kurser/mvc/me/report/tests/Card/DeckOfCardsTest.php" line="39" assertions="2" time="0.001418"/>
        <testcase name="testReturnDeckWithGraphicSymbols" class="App\Card\DeckOfCardsTest" classname="App.Card.DeckOfCardsTest" file="/home/ekarlsson/dbwebb-kurser/mvc/me/report/tests/Card/DeckOfCardsTest.php" line="55" assertions="3" time="0.000465"/>
        <testcase name="testReturnDeckWithGraphicSymbolsInOrder" class="App\Card\DeckOfCardsTest" classname="App.Card.DeckOfCardsTest" file="/home/ekarlsson/dbwebb-kurser/mvc/me/report/tests/Card/DeckOfCardsTest.php" line="73" assertions="1" time="0.000412"/>
        <testcase name="testCurrentDeckIsBeingCounted" class="App\Card\DeckOfCardsTest" classname="App.Card.DeckOfCardsTest" file="/home/ekarlsson/dbwebb-kurser/mvc/me/report/tests/Card/DeckOfCardsTest.php" line="88" assertions="3" time="0.000380"/>
        <testcase name="testRemovingCardsFromDeck" class="App\Card\DeckOfCardsTest" classname="App.Card.DeckOfCardsTest" file="/home/ekarlsson/dbwebb-kurser/mvc/me/report/tests/Card/DeckOfCardsTest.php" line="109" assertions="4" time="0.000605"/>
        <testcase name="testDeckReturnMoreRandCardsThanInDeck" class="App\Card\DeckOfCardsTest" classname="App.Card.DeckOfCardsTest" file="/home/ekarlsson/dbwebb-kurser/mvc/me/report/tests/Card/DeckOfCardsTest.php" line="133" assertions="1" time="0.000773"/>
        <testcase name="testReturnRandCardsFromEmptyDeck" class="App\Card\DeckOfCardsTest" classname="App.Card.DeckOfCardsTest" file="/home/ekarlsson/dbwebb-kurser/mvc/me/report/tests/Card/DeckOfCardsTest.php" line="143" assertions="1" time="0.000505"/>
        <testcase name="testReturnRandomCardsArray" class="App\Card\DeckOfCardsTest" classname="App.Card.DeckOfCardsTest" file="/home/ekarlsson/dbwebb-kurser/mvc/me/report/tests/Card/DeckOfCardsTest.php" line="154" assertions="2" time="0.000734"/>
      </testsuite>
      <testsuite name="App\Dice\DiceTest" file="/home/ekarlsson/dbwebb-kurser/mvc/me/report/tests/Dice/DiceTest.php" tests="1" assertions="2" errors="0" warnings="0" failures="0" skipped="0" time="0.001752">
        <testcase name="testCreateDice" class="App\Dice\DiceTest" classname="App.Dice.DiceTest" file="/home/ekarlsson/dbwebb-kurser/mvc/me/report/tests/Dice/DiceTest.php" line="16" assertions="2" time="0.001752"/>
      </testsuite>
      <testsuite name="App\Game\GameTest" file="/home/ekarlsson/dbwebb-kurser/mvc/me/report/tests/Game/GameTest.php" tests="8" assertions="30" errors="0" warnings="0" failures="0" skipped="0" time="0.027928">
        <testcase name="testCreateGameObject" class="App\Game\GameTest" classname="App.Game.GameTest" file="/home/ekarlsson/dbwebb-kurser/mvc/me/report/tests/Game/GameTest.php" line="32" assertions="2" time="0.018210"/>
        <testcase name="testGetPlayerAndBankHands" class="App\Game\GameTest" classname="App.Game.GameTest" file="/home/ekarlsson/dbwebb-kurser/mvc/me/report/tests/Game/GameTest.php" line="41" assertions="3" time="0.001117"/>
        <testcase name="testGamePlayCycleIsItsBanksTurn" class="App\Game\GameTest" classname="App.Game.GameTest" file="/home/ekarlsson/dbwebb-kurser/mvc/me/report/tests/Game/GameTest.php" line="53" assertions="4" time="0.001155"/>
        <testcase name="testGetArrayOfAllDrawnCards" class="App\Game\GameTest" classname="App.Game.GameTest" file="/home/ekarlsson/dbwebb-kurser/mvc/me/report/tests/Game/GameTest.php" line="73" assertions="6" time="0.003030"/>
        <testcase name="testGetCertainPlayerName" class="App\Game\GameTest" classname="App.Game.GameTest" file="/home/ekarlsson/dbwebb-kurser/mvc/me/report/tests/Game/GameTest.php" line="98" assertions="6" time="0.000796"/>
        <testcase name="testGettingAllDrawnCardsInGame" class="App\Game\GameTest" classname="App.Game.GameTest" file="/home/ekarlsson/dbwebb-kurser/mvc/me/report/tests/Game/GameTest.php" line="132" assertions="7" time="0.001127"/>
        <testcase name="testGetPlayerWinner" class="App\Game\GameTest" classname="App.Game.GameTest" file="/home/ekarlsson/dbwebb-kurser/mvc/me/report/tests/Game/GameTest.php" line="160" assertions="1" time="0.001099"/>
        <testcase name="testBankWinner" class="App\Game\GameTest" classname="App.Game.GameTest" file="/home/ekarlsson/dbwebb-kurser/mvc/me/report/tests/Game/GameTest.php" line="169" assertions="1" time="0.001394"/>
      </testsuite>
    </testsuite>
  </testsuite>
</testsuites>
