<?xml version="1.0" encoding="UTF-8"?>
<testsuites>
  <testsuite name="" tests="60" assertions="142" errors="0" warnings="0" failures="0" skipped="0" time="0.154341">
    <testsuite name="Project Test Suite" tests="60" assertions="142" errors="0" warnings="0" failures="0" skipped="0" time="0.154341">
      <testsuite name="App\AdventureGame\AdventureGameTest" file="/home/ekarlsson/dbwebb-kurser/mvc/me/report/tests/AdventureGame/AdventureGameTest.php" tests="8" assertions="12" errors="0" warnings="0" failures="0" skipped="0" time="0.014971">
        <testcase name="testCreateAdventureGame" class="App\AdventureGame\AdventureGameTest" classname="App.AdventureGame.AdventureGameTest" file="/home/ekarlsson/dbwebb-kurser/mvc/me/report/tests/AdventureGame/AdventureGameTest.php" line="30" assertions="1" time="0.006231"/>
        <testcase name="testKillEnemyWithWeaponSuccess" class="App\AdventureGame\AdventureGameTest" classname="App.AdventureGame.AdventureGameTest" file="/home/ekarlsson/dbwebb-kurser/mvc/me/report/tests/AdventureGame/AdventureGameTest.php" line="35" assertions="1" time="0.000749"/>
        <testcase name="testKillEnemyWithWeaponFail" class="App\AdventureGame\AdventureGameTest" classname="App.AdventureGame.AdventureGameTest" file="/home/ekarlsson/dbwebb-kurser/mvc/me/report/tests/AdventureGame/AdventureGameTest.php" line="40" assertions="1" time="0.000683"/>
        <testcase name="testKillEnemyNoWeaponSuccess" class="App\AdventureGame\AdventureGameTest" classname="App.AdventureGame.AdventureGameTest" file="/home/ekarlsson/dbwebb-kurser/mvc/me/report/tests/AdventureGame/AdventureGameTest.php" line="44" assertions="1" time="0.000465"/>
        <testcase name="testKillEnemyNoWeaponFail" class="App\AdventureGame\AdventureGameTest" classname="App.AdventureGame.AdventureGameTest" file="/home/ekarlsson/dbwebb-kurser/mvc/me/report/tests/AdventureGame/AdventureGameTest.php" line="48" assertions="1" time="0.002329"/>
        <testcase name="testRollInjectedDie" class="App\AdventureGame\AdventureGameTest" classname="App.AdventureGame.AdventureGameTest" file="/home/ekarlsson/dbwebb-kurser/mvc/me/report/tests/AdventureGame/AdventureGameTest.php" line="52" assertions="5" time="0.003834"/>
        <testcase name="testRollInjectedGraphicDie" class="App\AdventureGame\AdventureGameTest" classname="App.AdventureGame.AdventureGameTest" file="/home/ekarlsson/dbwebb-kurser/mvc/me/report/tests/AdventureGame/AdventureGameTest.php" line="59" assertions="1" time="0.000346"/>
        <testcase name="testSetRoom" class="App\AdventureGame\AdventureGameTest" classname="App.AdventureGame.AdventureGameTest" file="/home/ekarlsson/dbwebb-kurser/mvc/me/report/tests/AdventureGame/AdventureGameTest.php" line="65" assertions="1" time="0.000333"/>
      </testsuite>
      <testsuite name="App\Card\CardBankTest" file="/home/ekarlsson/dbwebb-kurser/mvc/me/report/tests/Card/CardBankTest.php" tests="1" assertions="1" errors="0" warnings="0" failures="0" skipped="0" time="0.001461">
        <testcase name="testInitiateCardBank" class="App\Card\CardBankTest" classname="App.Card.CardBankTest" file="/home/ekarlsson/dbwebb-kurser/mvc/me/report/tests/Card/CardBankTest.php" line="14" assertions="1" time="0.001461"/>
      </testsuite>
      <testsuite name="App\Card\CardGraphicTest" file="/home/ekarlsson/dbwebb-kurser/mvc/me/report/tests/Card/CardGraphicTest.php" tests="2" assertions="2" errors="0" warnings="0" failures="0" skipped="0" time="0.001152">
        <testcase name="testCreateObject" class="App\Card\CardGraphicTest" classname="App.Card.CardGraphicTest" file="/home/ekarlsson/dbwebb-kurser/mvc/me/report/tests/Card/CardGraphicTest.php" line="15" assertions="1" time="0.000829"/>
        <testcase name="testGetGraphicsRepresentationForDecks" class="App\Card\CardGraphicTest" classname="App.Card.CardGraphicTest" file="/home/ekarlsson/dbwebb-kurser/mvc/me/report/tests/Card/CardGraphicTest.php" line="21" assertions="1" time="0.000323"/>
      </testsuite>
      <testsuite name="App\Card\CardHand2Test" file="/home/ekarlsson/dbwebb-kurser/mvc/me/report/tests/Card/CardHand2Test.php" tests="4" assertions="14" errors="0" warnings="0" failures="0" skipped="0" time="0.002450">
        <testcase name="testGetDeckAsStringRep" class="App\Card\CardHand2Test" classname="App.Card.CardHand2Test" file="/home/ekarlsson/dbwebb-kurser/mvc/me/report/tests/Card/CardHand2Test.php" line="18" assertions="2" time="0.000847"/>
        <testcase name="testGetSumOfAllCardsInCurrentDeckState" class="App\Card\CardHand2Test" classname="App.Card.CardHand2Test" file="/home/ekarlsson/dbwebb-kurser/mvc/me/report/tests/Card/CardHand2Test.php" line="31" assertions="4" time="0.000572"/>
        <testcase name="testGetSumOfAllDrawnCards" class="App\Card\CardHand2Test" classname="App.Card.CardHand2Test" file="/home/ekarlsson/dbwebb-kurser/mvc/me/report/tests/Card/CardHand2Test.php" line="50" assertions="4" time="0.000513"/>
        <testcase name="testCardHandOver21OrNot" class="App\Card\CardHand2Test" classname="App.Card.CardHand2Test" file="/home/ekarlsson/dbwebb-kurser/mvc/me/report/tests/Card/CardHand2Test.php" line="70" assertions="4" time="0.000519"/>
      </testsuite>
      <testsuite name="App\Card\CardHandTest" file="/home/ekarlsson/dbwebb-kurser/mvc/me/report/tests/Card/CardHandTest.php" tests="10" assertions="31" errors="0" warnings="0" failures="0" skipped="0" time="0.013699">
        <testcase name="testInitiateCardHand" class="App\Card\CardHandTest" classname="App.Card.CardHandTest" file="/home/ekarlsson/dbwebb-kurser/mvc/me/report/tests/Card/CardHandTest.php" line="18" assertions="1" time="0.000280"/>
        <testcase name="testIfDeckOfCardsInitiates" class="App\Card\CardHandTest" classname="App.Card.CardHandTest" file="/home/ekarlsson/dbwebb-kurser/mvc/me/report/tests/Card/CardHandTest.php" line="27" assertions="1" time="0.000300"/>
        <testcase name="testUpdateDeckInHandNewValuesSameObject" class="App\Card\CardHandTest" classname="App.Card.CardHandTest" file="/home/ekarlsson/dbwebb-kurser/mvc/me/report/tests/Card/CardHandTest.php" line="55" assertions="2" time="0.002281"/>
        <testcase name="testShuffleDeckInHand" class="App\Card\CardHandTest" classname="App.Card.CardHandTest" file="/home/ekarlsson/dbwebb-kurser/mvc/me/report/tests/Card/CardHandTest.php" line="71" assertions="2" time="0.005115"/>
        <testcase name="testGetDeckInHandAsArray" class="App\Card\CardHandTest" classname="App.Card.CardHandTest" file="/home/ekarlsson/dbwebb-kurser/mvc/me/report/tests/Card/CardHandTest.php" line="86" assertions="1" time="0.000634"/>
        <testcase name="testGetDeckInHandAsArrayWithGraphic" class="App\Card\CardHandTest" classname="App.Card.CardHandTest" file="/home/ekarlsson/dbwebb-kurser/mvc/me/report/tests/Card/CardHandTest.php" line="96" assertions="5" time="0.000475"/>
        <testcase name="testGetDeckInHandAsArrayWithGraphicInOrder" class="App\Card\CardHandTest" classname="App.Card.CardHandTest" file="/home/ekarlsson/dbwebb-kurser/mvc/me/report/tests/Card/CardHandTest.php" line="127" assertions="4" time="0.000387"/>
        <testcase name="testDrawCardsFromDeck" class="App\Card\CardHandTest" classname="App.Card.CardHandTest" file="/home/ekarlsson/dbwebb-kurser/mvc/me/report/tests/Card/CardHandTest.php" line="144" assertions="4" time="0.001427"/>
        <testcase name="testGettingAllDrawnCards" class="App\Card\CardHandTest" classname="App.Card.CardHandTest" file="/home/ekarlsson/dbwebb-kurser/mvc/me/report/tests/Card/CardHandTest.php" line="167" assertions="5" time="0.001487"/>
        <testcase name="testPrintingAllDrawnCards" class="App\Card\CardHandTest" classname="App.Card.CardHandTest" file="/home/ekarlsson/dbwebb-kurser/mvc/me/report/tests/Card/CardHandTest.php" line="192" assertions="6" time="0.001313"/>
      </testsuite>
      <testsuite name="App\Card\DeckOfCardsTest" file="/home/ekarlsson/dbwebb-kurser/mvc/me/report/tests/Card/DeckOfCardsTest.php" tests="10" assertions="20" errors="0" warnings="0" failures="0" skipped="0" time="0.007532">
        <testcase name="testInitiateDeckOfCardsWithAndNoArg" class="App\Card\DeckOfCardsTest" classname="App.Card.DeckOfCardsTest" file="/home/ekarlsson/dbwebb-kurser/mvc/me/report/tests/Card/DeckOfCardsTest.php" line="13" assertions="2" time="0.000452"/>
        <testcase name="testGetDeckReturnArray" class="App\Card\DeckOfCardsTest" classname="App.Card.DeckOfCardsTest" file="/home/ekarlsson/dbwebb-kurser/mvc/me/report/tests/Card/DeckOfCardsTest.php" line="25" assertions="1" time="0.000355"/>
        <testcase name="testReplaceDeckWithNewModifiedDeck" class="App\Card\DeckOfCardsTest" classname="App.Card.DeckOfCardsTest" file="/home/ekarlsson/dbwebb-kurser/mvc/me/report/tests/Card/DeckOfCardsTest.php" line="36" assertions="2" time="0.001404"/>
        <testcase name="testReturnDeckWithGraphicSymbols" class="App\Card\DeckOfCardsTest" classname="App.Card.DeckOfCardsTest" file="/home/ekarlsson/dbwebb-kurser/mvc/me/report/tests/Card/DeckOfCardsTest.php" line="52" assertions="3" time="0.000526"/>
        <testcase name="testReturnDeckWithGraphicSymbolsInOrder" class="App\Card\DeckOfCardsTest" classname="App.Card.DeckOfCardsTest" file="/home/ekarlsson/dbwebb-kurser/mvc/me/report/tests/Card/DeckOfCardsTest.php" line="70" assertions="1" time="0.000460"/>
        <testcase name="testCurrentDeckIsBeingCounted" class="App\Card\DeckOfCardsTest" classname="App.Card.DeckOfCardsTest" file="/home/ekarlsson/dbwebb-kurser/mvc/me/report/tests/Card/DeckOfCardsTest.php" line="85" assertions="3" time="0.001584"/>
        <testcase name="testRemovingCardsFromDeck" class="App\Card\DeckOfCardsTest" classname="App.Card.DeckOfCardsTest" file="/home/ekarlsson/dbwebb-kurser/mvc/me/report/tests/Card/DeckOfCardsTest.php" line="106" assertions="4" time="0.001517"/>
        <testcase name="testDeckReturnMoreRandCardsThanInDeck" class="App\Card\DeckOfCardsTest" classname="App.Card.DeckOfCardsTest" file="/home/ekarlsson/dbwebb-kurser/mvc/me/report/tests/Card/DeckOfCardsTest.php" line="130" assertions="1" time="0.000394"/>
        <testcase name="testReturnRandCardsFromEmptyDeck" class="App\Card\DeckOfCardsTest" classname="App.Card.DeckOfCardsTest" file="/home/ekarlsson/dbwebb-kurser/mvc/me/report/tests/Card/DeckOfCardsTest.php" line="140" assertions="1" time="0.000440"/>
        <testcase name="testReturnRandomCardsArray" class="App\Card\DeckOfCardsTest" classname="App.Card.DeckOfCardsTest" file="/home/ekarlsson/dbwebb-kurser/mvc/me/report/tests/Card/DeckOfCardsTest.php" line="151" assertions="2" time="0.000400"/>
      </testsuite>
      <testsuite name="App\Dice\DiceHandTest" file="/home/ekarlsson/dbwebb-kurser/mvc/me/report/tests/Dice/DiceHandTest.php" tests="5" assertions="11" errors="0" warnings="0" failures="0" skipped="0" time="0.003242">
        <testcase name="testDiceHandInstance" class="App\Dice\DiceHandTest" classname="App.Dice.DiceHandTest" file="/home/ekarlsson/dbwebb-kurser/mvc/me/report/tests/Dice/DiceHandTest.php" line="17" assertions="1" time="0.000825"/>
        <testcase name="testDiceHandAddDice" class="App\Dice\DiceHandTest" classname="App.Dice.DiceHandTest" file="/home/ekarlsson/dbwebb-kurser/mvc/me/report/tests/Dice/DiceHandTest.php" line="23" assertions="0" time="0.000313"/>
        <testcase name="testDiceHandRollDice" class="App\Dice\DiceHandTest" classname="App.Dice.DiceHandTest" file="/home/ekarlsson/dbwebb-kurser/mvc/me/report/tests/Dice/DiceHandTest.php" line="30" assertions="5" time="0.001083"/>
        <testcase name="testDiceHandGetNumberDices" class="App\Dice\DiceHandTest" classname="App.Dice.DiceHandTest" file="/home/ekarlsson/dbwebb-kurser/mvc/me/report/tests/Dice/DiceHandTest.php" line="40" assertions="4" time="0.000615"/>
        <testcase name="testDiceHandGetAsStringOk" class="App\Dice\DiceHandTest" classname="App.Dice.DiceHandTest" file="/home/ekarlsson/dbwebb-kurser/mvc/me/report/tests/Dice/DiceHandTest.php" line="49" assertions="1" time="0.000406"/>
      </testsuite>
      <testsuite name="App\Dice\DiceTest" file="/home/ekarlsson/dbwebb-kurser/mvc/me/report/tests/Dice/DiceTest.php" tests="2" assertions="6" errors="0" warnings="0" failures="0" skipped="0" time="0.001006">
        <testcase name="testCreateDice" class="App\Dice\DiceTest" classname="App.Dice.DiceTest" file="/home/ekarlsson/dbwebb-kurser/mvc/me/report/tests/Dice/DiceTest.php" line="16" assertions="2" time="0.000445"/>
        <testcase name="testRollDice" class="App\Dice\DiceTest" classname="App.Dice.DiceTest" file="/home/ekarlsson/dbwebb-kurser/mvc/me/report/tests/Dice/DiceTest.php" line="25" assertions="4" time="0.000561"/>
      </testsuite>
      <testsuite name="App\Form\LibraryTypeTest" file="/home/ekarlsson/dbwebb-kurser/mvc/me/report/tests/Form/LibraryTypeTest.php" tests="2" assertions="4" errors="0" warnings="0" failures="0" skipped="0" time="0.068938">
        <testcase name="testBuildForm" class="App\Form\LibraryTypeTest" classname="App.Form.LibraryTypeTest" file="/home/ekarlsson/dbwebb-kurser/mvc/me/report/tests/Form/LibraryTypeTest.php" line="18" assertions="2" time="0.066657"/>
        <testcase name="testBuildFormOnlyIsbn" class="App\Form\LibraryTypeTest" classname="App.Form.LibraryTypeTest" file="/home/ekarlsson/dbwebb-kurser/mvc/me/report/tests/Form/LibraryTypeTest.php" line="40" assertions="2" time="0.002281"/>
      </testsuite>
      <testsuite name="App\Game\GameTest" file="/home/ekarlsson/dbwebb-kurser/mvc/me/report/tests/Game/GameTest.php" tests="8" assertions="30" errors="0" warnings="0" failures="0" skipped="0" time="0.013279">
        <testcase name="testCreateGameObject" class="App\Game\GameTest" classname="App.Game.GameTest" file="/home/ekarlsson/dbwebb-kurser/mvc/me/report/tests/Game/GameTest.php" line="32" assertions="2" time="0.007112"/>
        <testcase name="testGetPlayerAndBankHands" class="App\Game\GameTest" classname="App.Game.GameTest" file="/home/ekarlsson/dbwebb-kurser/mvc/me/report/tests/Game/GameTest.php" line="41" assertions="3" time="0.000801"/>
        <testcase name="testGamePlayCycleIsItsBanksTurn" class="App\Game\GameTest" classname="App.Game.GameTest" file="/home/ekarlsson/dbwebb-kurser/mvc/me/report/tests/Game/GameTest.php" line="53" assertions="4" time="0.000792"/>
        <testcase name="testGetArrayOfAllDrawnCards" class="App\Game\GameTest" classname="App.Game.GameTest" file="/home/ekarlsson/dbwebb-kurser/mvc/me/report/tests/Game/GameTest.php" line="73" assertions="6" time="0.001181"/>
        <testcase name="testGetCertainPlayerName" class="App\Game\GameTest" classname="App.Game.GameTest" file="/home/ekarlsson/dbwebb-kurser/mvc/me/report/tests/Game/GameTest.php" line="98" assertions="6" time="0.000653"/>
        <testcase name="testGettingAllDrawnCardsInGame" class="App\Game\GameTest" classname="App.Game.GameTest" file="/home/ekarlsson/dbwebb-kurser/mvc/me/report/tests/Game/GameTest.php" line="132" assertions="7" time="0.000895"/>
        <testcase name="testGetPlayerWinner" class="App\Game\GameTest" classname="App.Game.GameTest" file="/home/ekarlsson/dbwebb-kurser/mvc/me/report/tests/Game/GameTest.php" line="160" assertions="1" time="0.000652"/>
        <testcase name="testBankWinner" class="App\Game\GameTest" classname="App.Game.GameTest" file="/home/ekarlsson/dbwebb-kurser/mvc/me/report/tests/Game/GameTest.php" line="169" assertions="1" time="0.001194"/>
      </testsuite>
      <testsuite name="App\Library\LibraryUtilTest" file="/home/ekarlsson/dbwebb-kurser/mvc/me/report/tests/Library/LibraryUtilTest.php" tests="2" assertions="3" errors="0" warnings="0" failures="0" skipped="0" time="0.001783">
        <testcase name="testLibraryUtil" class="App\Library\LibraryUtilTest" classname="App.Library.LibraryUtilTest" file="/home/ekarlsson/dbwebb-kurser/mvc/me/report/tests/Library/LibraryUtilTest.php" line="13" assertions="1" time="0.000757"/>
        <testcase name="testBookExistRaiseException" class="App\Library\LibraryUtilTest" classname="App.Library.LibraryUtilTest" file="/home/ekarlsson/dbwebb-kurser/mvc/me/report/tests/Library/LibraryUtilTest.php" line="19" assertions="2" time="0.001026"/>
      </testsuite>
      <testsuite name="App\Service\SessionServiceTest" file="/home/ekarlsson/dbwebb-kurser/mvc/me/report/tests/Service/SessionServiceTest.php" tests="6" assertions="8" errors="0" warnings="0" failures="0" skipped="0" time="0.024829">
        <testcase name="testSetSessionCurrentRoom" class="App\Service\SessionServiceTest" classname="App.Service.SessionServiceTest" file="/home/ekarlsson/dbwebb-kurser/mvc/me/report/tests/Service/SessionServiceTest.php" line="58" assertions="1" time="0.021624"/>
        <testcase name="testSetNewDescriptionValueCurrentRoom" class="App\Service\SessionServiceTest" classname="App.Service.SessionServiceTest" file="/home/ekarlsson/dbwebb-kurser/mvc/me/report/tests/Service/SessionServiceTest.php" line="63" assertions="1" time="0.000721"/>
        <testcase name="testAddItemToBackpack" class="App\Service\SessionServiceTest" classname="App.Service.SessionServiceTest" file="/home/ekarlsson/dbwebb-kurser/mvc/me/report/tests/Service/SessionServiceTest.php" line="70" assertions="2" time="0.000516"/>
        <testcase name="testGetSessionValueWithKey" class="App\Service\SessionServiceTest" classname="App.Service.SessionServiceTest" file="/home/ekarlsson/dbwebb-kurser/mvc/me/report/tests/Service/SessionServiceTest.php" line="78" assertions="2" time="0.000604"/>
        <testcase name="testGetSessionRooms" class="App\Service\SessionServiceTest" classname="App.Service.SessionServiceTest" file="/home/ekarlsson/dbwebb-kurser/mvc/me/report/tests/Service/SessionServiceTest.php" line="85" assertions="1" time="0.000520"/>
        <testcase name="testKillEnemyUpdatesSession" class="App\Service\SessionServiceTest" classname="App.Service.SessionServiceTest" file="/home/ekarlsson/dbwebb-kurser/mvc/me/report/tests/Service/SessionServiceTest.php" line="89" assertions="1" time="0.000844"/>
      </testsuite>
    </testsuite>
  </testsuite>
</testsuites>
