<?xml version="1.0" encoding="UTF-8"?>
<testsuites>
  <testsuite name="" tests="43" assertions="111" errors="0" warnings="0" failures="0" skipped="0" time="0.071406">
    <testsuite name="Project Test Suite" tests="43" assertions="111" errors="0" warnings="0" failures="0" skipped="0" time="0.071406">
      <testsuite name="App\AdventureGame\AdventureGameTest" file="/home/ekarlsson/dbwebb-kurser/mvc/me/report/tests/AdventureGame/AdventureGameTest.php" tests="7" assertions="11" errors="0" warnings="0" failures="0" skipped="0" time="0.020148">
        <testcase name="testCreateAdventureGame" class="App\AdventureGame\AdventureGameTest" classname="App.AdventureGame.AdventureGameTest" file="/home/ekarlsson/dbwebb-kurser/mvc/me/report/tests/AdventureGame/AdventureGameTest.php" line="18" assertions="1" time="0.007213"/>
        <testcase name="testKillEnemyWithWeaponSuccess" class="App\AdventureGame\AdventureGameTest" classname="App.AdventureGame.AdventureGameTest" file="/home/ekarlsson/dbwebb-kurser/mvc/me/report/tests/AdventureGame/AdventureGameTest.php" line="23" assertions="1" time="0.000921"/>
        <testcase name="testKillEnemyWithWeaponFail" class="App\AdventureGame\AdventureGameTest" classname="App.AdventureGame.AdventureGameTest" file="/home/ekarlsson/dbwebb-kurser/mvc/me/report/tests/AdventureGame/AdventureGameTest.php" line="28" assertions="1" time="0.006800"/>
        <testcase name="testKillEnemyNoWeaponSuccess" class="App\AdventureGame\AdventureGameTest" classname="App.AdventureGame.AdventureGameTest" file="/home/ekarlsson/dbwebb-kurser/mvc/me/report/tests/AdventureGame/AdventureGameTest.php" line="32" assertions="1" time="0.000378"/>
        <testcase name="testKillEnemyNoWeaponFail" class="App\AdventureGame\AdventureGameTest" classname="App.AdventureGame.AdventureGameTest" file="/home/ekarlsson/dbwebb-kurser/mvc/me/report/tests/AdventureGame/AdventureGameTest.php" line="36" assertions="1" time="0.000336"/>
        <testcase name="testRollInjectedDie" class="App\AdventureGame\AdventureGameTest" classname="App.AdventureGame.AdventureGameTest" file="/home/ekarlsson/dbwebb-kurser/mvc/me/report/tests/AdventureGame/AdventureGameTest.php" line="40" assertions="5" time="0.003905"/>
        <testcase name="testRollInjectedGraphicDie" class="App\AdventureGame\AdventureGameTest" classname="App.AdventureGame.AdventureGameTest" file="/home/ekarlsson/dbwebb-kurser/mvc/me/report/tests/AdventureGame/AdventureGameTest.php" line="47" assertions="1" time="0.000594"/>
      </testsuite>
      <testsuite name="App\Card\CardBankTest" file="/home/ekarlsson/dbwebb-kurser/mvc/me/report/tests/Card/CardBankTest.php" tests="1" assertions="1" errors="0" warnings="0" failures="0" skipped="0" time="0.001738">
        <testcase name="testInitiateCardBank" class="App\Card\CardBankTest" classname="App.Card.CardBankTest" file="/home/ekarlsson/dbwebb-kurser/mvc/me/report/tests/Card/CardBankTest.php" line="14" assertions="1" time="0.001738"/>
      </testsuite>
      <testsuite name="App\Card\CardGraphicTest" file="/home/ekarlsson/dbwebb-kurser/mvc/me/report/tests/Card/CardGraphicTest.php" tests="2" assertions="2" errors="0" warnings="0" failures="0" skipped="0" time="0.000607">
        <testcase name="testCreateObject" class="App\Card\CardGraphicTest" classname="App.Card.CardGraphicTest" file="/home/ekarlsson/dbwebb-kurser/mvc/me/report/tests/Card/CardGraphicTest.php" line="15" assertions="1" time="0.000310"/>
        <testcase name="testGetGraphicsRepresentationForDecks" class="App\Card\CardGraphicTest" classname="App.Card.CardGraphicTest" file="/home/ekarlsson/dbwebb-kurser/mvc/me/report/tests/Card/CardGraphicTest.php" line="21" assertions="1" time="0.000297"/>
      </testsuite>
      <testsuite name="App\Card\CardHandTest" file="/home/ekarlsson/dbwebb-kurser/mvc/me/report/tests/Card/CardHandTest.php" tests="14" assertions="45" errors="0" warnings="0" failures="0" skipped="0" time="0.015273">
        <testcase name="testInitiateCardHand" class="App\Card\CardHandTest" classname="App.Card.CardHandTest" file="/home/ekarlsson/dbwebb-kurser/mvc/me/report/tests/Card/CardHandTest.php" line="18" assertions="1" time="0.000856"/>
        <testcase name="testIfDeckOfCardsInitiates" class="App\Card\CardHandTest" classname="App.Card.CardHandTest" file="/home/ekarlsson/dbwebb-kurser/mvc/me/report/tests/Card/CardHandTest.php" line="27" assertions="1" time="0.000361"/>
        <testcase name="testUpdateDeckInHandNewValuesSameObject" class="App\Card\CardHandTest" classname="App.Card.CardHandTest" file="/home/ekarlsson/dbwebb-kurser/mvc/me/report/tests/Card/CardHandTest.php" line="55" assertions="2" time="0.002235"/>
        <testcase name="testShuffleDeckInHand" class="App\Card\CardHandTest" classname="App.Card.CardHandTest" file="/home/ekarlsson/dbwebb-kurser/mvc/me/report/tests/Card/CardHandTest.php" line="71" assertions="2" time="0.002885"/>
        <testcase name="testGetDeckInHandAsArray" class="App\Card\CardHandTest" classname="App.Card.CardHandTest" file="/home/ekarlsson/dbwebb-kurser/mvc/me/report/tests/Card/CardHandTest.php" line="86" assertions="1" time="0.000650"/>
        <testcase name="testGetDeckInHandAsArrayWithGraphic" class="App\Card\CardHandTest" classname="App.Card.CardHandTest" file="/home/ekarlsson/dbwebb-kurser/mvc/me/report/tests/Card/CardHandTest.php" line="96" assertions="5" time="0.000395"/>
        <testcase name="testGetDeckInHandAsArrayWithGraphicInOrder" class="App\Card\CardHandTest" classname="App.Card.CardHandTest" file="/home/ekarlsson/dbwebb-kurser/mvc/me/report/tests/Card/CardHandTest.php" line="127" assertions="4" time="0.000350"/>
        <testcase name="testDrawCardsFromDeck" class="App\Card\CardHandTest" classname="App.Card.CardHandTest" file="/home/ekarlsson/dbwebb-kurser/mvc/me/report/tests/Card/CardHandTest.php" line="144" assertions="4" time="0.001242"/>
        <testcase name="testGettingAllDrawnCards" class="App\Card\CardHandTest" classname="App.Card.CardHandTest" file="/home/ekarlsson/dbwebb-kurser/mvc/me/report/tests/Card/CardHandTest.php" line="167" assertions="5" time="0.001819"/>
        <testcase name="testPrintingAllDrawnCards" class="App\Card\CardHandTest" classname="App.Card.CardHandTest" file="/home/ekarlsson/dbwebb-kurser/mvc/me/report/tests/Card/CardHandTest.php" line="192" assertions="6" time="0.001224"/>
        <testcase name="testGetDeckAsStringRep" class="App\Card\CardHandTest" classname="App.Card.CardHandTest" file="/home/ekarlsson/dbwebb-kurser/mvc/me/report/tests/Card/CardHandTest.php" line="214" assertions="2" time="0.000822"/>
        <testcase name="testGetSumOfAllCardsInCurrentDeckState" class="App\Card\CardHandTest" classname="App.Card.CardHandTest" file="/home/ekarlsson/dbwebb-kurser/mvc/me/report/tests/Card/CardHandTest.php" line="227" assertions="4" time="0.000767"/>
        <testcase name="testGetSumOfAllDrawnCards" class="App\Card\CardHandTest" classname="App.Card.CardHandTest" file="/home/ekarlsson/dbwebb-kurser/mvc/me/report/tests/Card/CardHandTest.php" line="246" assertions="4" time="0.000700"/>
        <testcase name="testCardHandOver21OrNot" class="App\Card\CardHandTest" classname="App.Card.CardHandTest" file="/home/ekarlsson/dbwebb-kurser/mvc/me/report/tests/Card/CardHandTest.php" line="266" assertions="4" time="0.000966"/>
      </testsuite>
      <testsuite name="App\Card\DeckOfCardsTest" file="/home/ekarlsson/dbwebb-kurser/mvc/me/report/tests/Card/DeckOfCardsTest.php" tests="10" assertions="20" errors="0" warnings="0" failures="0" skipped="0" time="0.006069">
        <testcase name="testInitiateDeckOfCardsWithAndNoArg" class="App\Card\DeckOfCardsTest" classname="App.Card.DeckOfCardsTest" file="/home/ekarlsson/dbwebb-kurser/mvc/me/report/tests/Card/DeckOfCardsTest.php" line="13" assertions="2" time="0.000354"/>
        <testcase name="testGetDeckReturnArray" class="App\Card\DeckOfCardsTest" classname="App.Card.DeckOfCardsTest" file="/home/ekarlsson/dbwebb-kurser/mvc/me/report/tests/Card/DeckOfCardsTest.php" line="25" assertions="1" time="0.000404"/>
        <testcase name="testReplaceDeckWithNewModifiedDeck" class="App\Card\DeckOfCardsTest" classname="App.Card.DeckOfCardsTest" file="/home/ekarlsson/dbwebb-kurser/mvc/me/report/tests/Card/DeckOfCardsTest.php" line="36" assertions="2" time="0.001334"/>
        <testcase name="testReturnDeckWithGraphicSymbols" class="App\Card\DeckOfCardsTest" classname="App.Card.DeckOfCardsTest" file="/home/ekarlsson/dbwebb-kurser/mvc/me/report/tests/Card/DeckOfCardsTest.php" line="52" assertions="3" time="0.000411"/>
        <testcase name="testReturnDeckWithGraphicSymbolsInOrder" class="App\Card\DeckOfCardsTest" classname="App.Card.DeckOfCardsTest" file="/home/ekarlsson/dbwebb-kurser/mvc/me/report/tests/Card/DeckOfCardsTest.php" line="70" assertions="1" time="0.000399"/>
        <testcase name="testCurrentDeckIsBeingCounted" class="App\Card\DeckOfCardsTest" classname="App.Card.DeckOfCardsTest" file="/home/ekarlsson/dbwebb-kurser/mvc/me/report/tests/Card/DeckOfCardsTest.php" line="85" assertions="3" time="0.001093"/>
        <testcase name="testRemovingCardsFromDeck" class="App\Card\DeckOfCardsTest" classname="App.Card.DeckOfCardsTest" file="/home/ekarlsson/dbwebb-kurser/mvc/me/report/tests/Card/DeckOfCardsTest.php" line="106" assertions="4" time="0.000733"/>
        <testcase name="testDeckReturnMoreRandCardsThanInDeck" class="App\Card\DeckOfCardsTest" classname="App.Card.DeckOfCardsTest" file="/home/ekarlsson/dbwebb-kurser/mvc/me/report/tests/Card/DeckOfCardsTest.php" line="130" assertions="1" time="0.000546"/>
        <testcase name="testReturnRandCardsFromEmptyDeck" class="App\Card\DeckOfCardsTest" classname="App.Card.DeckOfCardsTest" file="/home/ekarlsson/dbwebb-kurser/mvc/me/report/tests/Card/DeckOfCardsTest.php" line="140" assertions="1" time="0.000422"/>
        <testcase name="testReturnRandomCardsArray" class="App\Card\DeckOfCardsTest" classname="App.Card.DeckOfCardsTest" file="/home/ekarlsson/dbwebb-kurser/mvc/me/report/tests/Card/DeckOfCardsTest.php" line="151" assertions="2" time="0.000372"/>
      </testsuite>
      <testsuite name="App\Dice\DiceTest" file="/home/ekarlsson/dbwebb-kurser/mvc/me/report/tests/Dice/DiceTest.php" tests="1" assertions="2" errors="0" warnings="0" failures="0" skipped="0" time="0.000346">
        <testcase name="testCreateDice" class="App\Dice\DiceTest" classname="App.Dice.DiceTest" file="/home/ekarlsson/dbwebb-kurser/mvc/me/report/tests/Dice/DiceTest.php" line="16" assertions="2" time="0.000346"/>
      </testsuite>
      <testsuite name="App\Game\GameTest" file="/home/ekarlsson/dbwebb-kurser/mvc/me/report/tests/Game/GameTest.php" tests="8" assertions="30" errors="0" warnings="0" failures="0" skipped="0" time="0.027226">
        <testcase name="testCreateGameObject" class="App\Game\GameTest" classname="App.Game.GameTest" file="/home/ekarlsson/dbwebb-kurser/mvc/me/report/tests/Game/GameTest.php" line="32" assertions="2" time="0.010794"/>
        <testcase name="testGetPlayerAndBankHands" class="App\Game\GameTest" classname="App.Game.GameTest" file="/home/ekarlsson/dbwebb-kurser/mvc/me/report/tests/Game/GameTest.php" line="41" assertions="3" time="0.007930"/>
        <testcase name="testGamePlayCycleIsItsBanksTurn" class="App\Game\GameTest" classname="App.Game.GameTest" file="/home/ekarlsson/dbwebb-kurser/mvc/me/report/tests/Game/GameTest.php" line="53" assertions="4" time="0.000950"/>
        <testcase name="testGetArrayOfAllDrawnCards" class="App\Game\GameTest" classname="App.Game.GameTest" file="/home/ekarlsson/dbwebb-kurser/mvc/me/report/tests/Game/GameTest.php" line="73" assertions="6" time="0.001056"/>
        <testcase name="testGetCertainPlayerName" class="App\Game\GameTest" classname="App.Game.GameTest" file="/home/ekarlsson/dbwebb-kurser/mvc/me/report/tests/Game/GameTest.php" line="98" assertions="6" time="0.003463"/>
        <testcase name="testGettingAllDrawnCardsInGame" class="App\Game\GameTest" classname="App.Game.GameTest" file="/home/ekarlsson/dbwebb-kurser/mvc/me/report/tests/Game/GameTest.php" line="132" assertions="7" time="0.000983"/>
        <testcase name="testGetPlayerWinner" class="App\Game\GameTest" classname="App.Game.GameTest" file="/home/ekarlsson/dbwebb-kurser/mvc/me/report/tests/Game/GameTest.php" line="160" assertions="1" time="0.000879"/>
        <testcase name="testBankWinner" class="App\Game\GameTest" classname="App.Game.GameTest" file="/home/ekarlsson/dbwebb-kurser/mvc/me/report/tests/Game/GameTest.php" line="169" assertions="1" time="0.001172"/>
      </testsuite>
    </testsuite>
  </testsuite>
</testsuites>
