<?xml version="1.0" encoding="UTF-8"?>
<testsuites>
  <testsuite name="" tests="47" assertions="118" errors="0" warnings="0" failures="0" skipped="0" time="0.155783">
    <testsuite name="Project Test Suite" tests="47" assertions="118" errors="0" warnings="0" failures="0" skipped="0" time="0.155783">
      <testsuite name="App\AdventureGame\AdventureGameTest" file="/home/ekarlsson/dbwebb-kurser/mvc/me/report/tests/AdventureGame/AdventureGameTest.php" tests="7" assertions="11" errors="0" warnings="0" failures="0" skipped="0" time="0.017456">
        <testcase name="testCreateAdventureGame" class="App\AdventureGame\AdventureGameTest" classname="App.AdventureGame.AdventureGameTest" file="/home/ekarlsson/dbwebb-kurser/mvc/me/report/tests/AdventureGame/AdventureGameTest.php" line="18" assertions="1" time="0.006418"/>
        <testcase name="testKillEnemyWithWeaponSuccess" class="App\AdventureGame\AdventureGameTest" classname="App.AdventureGame.AdventureGameTest" file="/home/ekarlsson/dbwebb-kurser/mvc/me/report/tests/AdventureGame/AdventureGameTest.php" line="23" assertions="1" time="0.000731"/>
        <testcase name="testKillEnemyWithWeaponFail" class="App\AdventureGame\AdventureGameTest" classname="App.AdventureGame.AdventureGameTest" file="/home/ekarlsson/dbwebb-kurser/mvc/me/report/tests/AdventureGame/AdventureGameTest.php" line="28" assertions="1" time="0.000781"/>
        <testcase name="testKillEnemyNoWeaponSuccess" class="App\AdventureGame\AdventureGameTest" classname="App.AdventureGame.AdventureGameTest" file="/home/ekarlsson/dbwebb-kurser/mvc/me/report/tests/AdventureGame/AdventureGameTest.php" line="32" assertions="1" time="0.000391"/>
        <testcase name="testKillEnemyNoWeaponFail" class="App\AdventureGame\AdventureGameTest" classname="App.AdventureGame.AdventureGameTest" file="/home/ekarlsson/dbwebb-kurser/mvc/me/report/tests/AdventureGame/AdventureGameTest.php" line="36" assertions="1" time="0.000396"/>
        <testcase name="testRollInjectedDie" class="App\AdventureGame\AdventureGameTest" classname="App.AdventureGame.AdventureGameTest" file="/home/ekarlsson/dbwebb-kurser/mvc/me/report/tests/AdventureGame/AdventureGameTest.php" line="40" assertions="5" time="0.008365"/>
        <testcase name="testRollInjectedGraphicDie" class="App\AdventureGame\AdventureGameTest" classname="App.AdventureGame.AdventureGameTest" file="/home/ekarlsson/dbwebb-kurser/mvc/me/report/tests/AdventureGame/AdventureGameTest.php" line="47" assertions="1" time="0.000375"/>
      </testsuite>
      <testsuite name="App\Card\CardBankTest" file="/home/ekarlsson/dbwebb-kurser/mvc/me/report/tests/Card/CardBankTest.php" tests="1" assertions="1" errors="0" warnings="0" failures="0" skipped="0" time="0.001924">
        <testcase name="testInitiateCardBank" class="App\Card\CardBankTest" classname="App.Card.CardBankTest" file="/home/ekarlsson/dbwebb-kurser/mvc/me/report/tests/Card/CardBankTest.php" line="14" assertions="1" time="0.001924"/>
      </testsuite>
      <testsuite name="App\Card\CardGraphicTest" file="/home/ekarlsson/dbwebb-kurser/mvc/me/report/tests/Card/CardGraphicTest.php" tests="2" assertions="2" errors="0" warnings="0" failures="0" skipped="0" time="0.001199">
        <testcase name="testCreateObject" class="App\Card\CardGraphicTest" classname="App.Card.CardGraphicTest" file="/home/ekarlsson/dbwebb-kurser/mvc/me/report/tests/Card/CardGraphicTest.php" line="15" assertions="1" time="0.000299"/>
        <testcase name="testGetGraphicsRepresentationForDecks" class="App\Card\CardGraphicTest" classname="App.Card.CardGraphicTest" file="/home/ekarlsson/dbwebb-kurser/mvc/me/report/tests/Card/CardGraphicTest.php" line="21" assertions="1" time="0.000901"/>
      </testsuite>
      <testsuite name="App\Card\CardHandTest" file="/home/ekarlsson/dbwebb-kurser/mvc/me/report/tests/Card/CardHandTest.php" tests="14" assertions="45" errors="0" warnings="0" failures="0" skipped="0" time="0.026545">
        <testcase name="testInitiateCardHand" class="App\Card\CardHandTest" classname="App.Card.CardHandTest" file="/home/ekarlsson/dbwebb-kurser/mvc/me/report/tests/Card/CardHandTest.php" line="18" assertions="1" time="0.000588"/>
        <testcase name="testIfDeckOfCardsInitiates" class="App\Card\CardHandTest" classname="App.Card.CardHandTest" file="/home/ekarlsson/dbwebb-kurser/mvc/me/report/tests/Card/CardHandTest.php" line="27" assertions="1" time="0.000334"/>
        <testcase name="testUpdateDeckInHandNewValuesSameObject" class="App\Card\CardHandTest" classname="App.Card.CardHandTest" file="/home/ekarlsson/dbwebb-kurser/mvc/me/report/tests/Card/CardHandTest.php" line="55" assertions="2" time="0.002740"/>
        <testcase name="testShuffleDeckInHand" class="App\Card\CardHandTest" classname="App.Card.CardHandTest" file="/home/ekarlsson/dbwebb-kurser/mvc/me/report/tests/Card/CardHandTest.php" line="71" assertions="2" time="0.009660"/>
        <testcase name="testGetDeckInHandAsArray" class="App\Card\CardHandTest" classname="App.Card.CardHandTest" file="/home/ekarlsson/dbwebb-kurser/mvc/me/report/tests/Card/CardHandTest.php" line="86" assertions="1" time="0.000372"/>
        <testcase name="testGetDeckInHandAsArrayWithGraphic" class="App\Card\CardHandTest" classname="App.Card.CardHandTest" file="/home/ekarlsson/dbwebb-kurser/mvc/me/report/tests/Card/CardHandTest.php" line="96" assertions="5" time="0.000500"/>
        <testcase name="testGetDeckInHandAsArrayWithGraphicInOrder" class="App\Card\CardHandTest" classname="App.Card.CardHandTest" file="/home/ekarlsson/dbwebb-kurser/mvc/me/report/tests/Card/CardHandTest.php" line="127" assertions="4" time="0.000402"/>
        <testcase name="testDrawCardsFromDeck" class="App\Card\CardHandTest" classname="App.Card.CardHandTest" file="/home/ekarlsson/dbwebb-kurser/mvc/me/report/tests/Card/CardHandTest.php" line="144" assertions="4" time="0.001465"/>
        <testcase name="testGettingAllDrawnCards" class="App\Card\CardHandTest" classname="App.Card.CardHandTest" file="/home/ekarlsson/dbwebb-kurser/mvc/me/report/tests/Card/CardHandTest.php" line="167" assertions="5" time="0.001386"/>
        <testcase name="testPrintingAllDrawnCards" class="App\Card\CardHandTest" classname="App.Card.CardHandTest" file="/home/ekarlsson/dbwebb-kurser/mvc/me/report/tests/Card/CardHandTest.php" line="192" assertions="6" time="0.006056"/>
        <testcase name="testGetDeckAsStringRep" class="App\Card\CardHandTest" classname="App.Card.CardHandTest" file="/home/ekarlsson/dbwebb-kurser/mvc/me/report/tests/Card/CardHandTest.php" line="214" assertions="2" time="0.001085"/>
        <testcase name="testGetSumOfAllCardsInCurrentDeckState" class="App\Card\CardHandTest" classname="App.Card.CardHandTest" file="/home/ekarlsson/dbwebb-kurser/mvc/me/report/tests/Card/CardHandTest.php" line="227" assertions="4" time="0.000629"/>
        <testcase name="testGetSumOfAllDrawnCards" class="App\Card\CardHandTest" classname="App.Card.CardHandTest" file="/home/ekarlsson/dbwebb-kurser/mvc/me/report/tests/Card/CardHandTest.php" line="246" assertions="4" time="0.000646"/>
        <testcase name="testCardHandOver21OrNot" class="App\Card\CardHandTest" classname="App.Card.CardHandTest" file="/home/ekarlsson/dbwebb-kurser/mvc/me/report/tests/Card/CardHandTest.php" line="266" assertions="4" time="0.000682"/>
      </testsuite>
      <testsuite name="App\Card\DeckOfCardsTest" file="/home/ekarlsson/dbwebb-kurser/mvc/me/report/tests/Card/DeckOfCardsTest.php" tests="10" assertions="20" errors="0" warnings="0" failures="0" skipped="0" time="0.006225">
        <testcase name="testInitiateDeckOfCardsWithAndNoArg" class="App\Card\DeckOfCardsTest" classname="App.Card.DeckOfCardsTest" file="/home/ekarlsson/dbwebb-kurser/mvc/me/report/tests/Card/DeckOfCardsTest.php" line="13" assertions="2" time="0.000379"/>
        <testcase name="testGetDeckReturnArray" class="App\Card\DeckOfCardsTest" classname="App.Card.DeckOfCardsTest" file="/home/ekarlsson/dbwebb-kurser/mvc/me/report/tests/Card/DeckOfCardsTest.php" line="25" assertions="1" time="0.000980"/>
        <testcase name="testReplaceDeckWithNewModifiedDeck" class="App\Card\DeckOfCardsTest" classname="App.Card.DeckOfCardsTest" file="/home/ekarlsson/dbwebb-kurser/mvc/me/report/tests/Card/DeckOfCardsTest.php" line="36" assertions="2" time="0.001384"/>
        <testcase name="testReturnDeckWithGraphicSymbols" class="App\Card\DeckOfCardsTest" classname="App.Card.DeckOfCardsTest" file="/home/ekarlsson/dbwebb-kurser/mvc/me/report/tests/Card/DeckOfCardsTest.php" line="52" assertions="3" time="0.000501"/>
        <testcase name="testReturnDeckWithGraphicSymbolsInOrder" class="App\Card\DeckOfCardsTest" classname="App.Card.DeckOfCardsTest" file="/home/ekarlsson/dbwebb-kurser/mvc/me/report/tests/Card/DeckOfCardsTest.php" line="70" assertions="1" time="0.000445"/>
        <testcase name="testCurrentDeckIsBeingCounted" class="App\Card\DeckOfCardsTest" classname="App.Card.DeckOfCardsTest" file="/home/ekarlsson/dbwebb-kurser/mvc/me/report/tests/Card/DeckOfCardsTest.php" line="85" assertions="3" time="0.000409"/>
        <testcase name="testRemovingCardsFromDeck" class="App\Card\DeckOfCardsTest" classname="App.Card.DeckOfCardsTest" file="/home/ekarlsson/dbwebb-kurser/mvc/me/report/tests/Card/DeckOfCardsTest.php" line="106" assertions="4" time="0.000551"/>
        <testcase name="testDeckReturnMoreRandCardsThanInDeck" class="App\Card\DeckOfCardsTest" classname="App.Card.DeckOfCardsTest" file="/home/ekarlsson/dbwebb-kurser/mvc/me/report/tests/Card/DeckOfCardsTest.php" line="130" assertions="1" time="0.000739"/>
        <testcase name="testReturnRandCardsFromEmptyDeck" class="App\Card\DeckOfCardsTest" classname="App.Card.DeckOfCardsTest" file="/home/ekarlsson/dbwebb-kurser/mvc/me/report/tests/Card/DeckOfCardsTest.php" line="140" assertions="1" time="0.000458"/>
        <testcase name="testReturnRandomCardsArray" class="App\Card\DeckOfCardsTest" classname="App.Card.DeckOfCardsTest" file="/home/ekarlsson/dbwebb-kurser/mvc/me/report/tests/Card/DeckOfCardsTest.php" line="151" assertions="2" time="0.000379"/>
      </testsuite>
      <testsuite name="App\Dice\DiceTest" file="/home/ekarlsson/dbwebb-kurser/mvc/me/report/tests/Dice/DiceTest.php" tests="1" assertions="2" errors="0" warnings="0" failures="0" skipped="0" time="0.001610">
        <testcase name="testCreateDice" class="App\Dice\DiceTest" classname="App.Dice.DiceTest" file="/home/ekarlsson/dbwebb-kurser/mvc/me/report/tests/Dice/DiceTest.php" line="16" assertions="2" time="0.001610"/>
      </testsuite>
      <testsuite name="App\Form\LibraryTypeTest" file="/home/ekarlsson/dbwebb-kurser/mvc/me/report/tests/Form/LibraryTypeTest.php" tests="2" assertions="4" errors="0" warnings="0" failures="0" skipped="0" time="0.086164">
        <testcase name="testBuildForm" class="App\Form\LibraryTypeTest" classname="App.Form.LibraryTypeTest" file="/home/ekarlsson/dbwebb-kurser/mvc/me/report/tests/Form/LibraryTypeTest.php" line="18" assertions="2" time="0.083831"/>
        <testcase name="testBuildFormOnlyIsbn" class="App\Form\LibraryTypeTest" classname="App.Form.LibraryTypeTest" file="/home/ekarlsson/dbwebb-kurser/mvc/me/report/tests/Form/LibraryTypeTest.php" line="40" assertions="2" time="0.002333"/>
      </testsuite>
      <testsuite name="App\Game\GameTest" file="/home/ekarlsson/dbwebb-kurser/mvc/me/report/tests/Game/GameTest.php" tests="8" assertions="30" errors="0" warnings="0" failures="0" skipped="0" time="0.012573">
        <testcase name="testCreateGameObject" class="App\Game\GameTest" classname="App.Game.GameTest" file="/home/ekarlsson/dbwebb-kurser/mvc/me/report/tests/Game/GameTest.php" line="32" assertions="2" time="0.006325"/>
        <testcase name="testGetPlayerAndBankHands" class="App\Game\GameTest" classname="App.Game.GameTest" file="/home/ekarlsson/dbwebb-kurser/mvc/me/report/tests/Game/GameTest.php" line="41" assertions="3" time="0.000757"/>
        <testcase name="testGamePlayCycleIsItsBanksTurn" class="App\Game\GameTest" classname="App.Game.GameTest" file="/home/ekarlsson/dbwebb-kurser/mvc/me/report/tests/Game/GameTest.php" line="53" assertions="4" time="0.000745"/>
        <testcase name="testGetArrayOfAllDrawnCards" class="App\Game\GameTest" classname="App.Game.GameTest" file="/home/ekarlsson/dbwebb-kurser/mvc/me/report/tests/Game/GameTest.php" line="73" assertions="6" time="0.001190"/>
        <testcase name="testGetCertainPlayerName" class="App\Game\GameTest" classname="App.Game.GameTest" file="/home/ekarlsson/dbwebb-kurser/mvc/me/report/tests/Game/GameTest.php" line="98" assertions="6" time="0.000638"/>
        <testcase name="testGettingAllDrawnCardsInGame" class="App\Game\GameTest" classname="App.Game.GameTest" file="/home/ekarlsson/dbwebb-kurser/mvc/me/report/tests/Game/GameTest.php" line="132" assertions="7" time="0.000902"/>
        <testcase name="testGetPlayerWinner" class="App\Game\GameTest" classname="App.Game.GameTest" file="/home/ekarlsson/dbwebb-kurser/mvc/me/report/tests/Game/GameTest.php" line="160" assertions="1" time="0.000655"/>
        <testcase name="testBankWinner" class="App\Game\GameTest" classname="App.Game.GameTest" file="/home/ekarlsson/dbwebb-kurser/mvc/me/report/tests/Game/GameTest.php" line="169" assertions="1" time="0.001361"/>
      </testsuite>
      <testsuite name="App\Library\LibraryUtilTest" file="/home/ekarlsson/dbwebb-kurser/mvc/me/report/tests/Library/LibraryUtilTest.php" tests="2" assertions="3" errors="0" warnings="0" failures="0" skipped="0" time="0.002088">
        <testcase name="testLibraryUtil" class="App\Library\LibraryUtilTest" classname="App.Library.LibraryUtilTest" file="/home/ekarlsson/dbwebb-kurser/mvc/me/report/tests/Library/LibraryUtilTest.php" line="13" assertions="1" time="0.001028"/>
        <testcase name="testBookExistRaiseException" class="App\Library\LibraryUtilTest" classname="App.Library.LibraryUtilTest" file="/home/ekarlsson/dbwebb-kurser/mvc/me/report/tests/Library/LibraryUtilTest.php" line="19" assertions="2" time="0.001060"/>
      </testsuite>
    </testsuite>
  </testsuite>
</testsuites>
